DEBUG main pl.edu.agh.wp.orm.session.DefaultSessionFactory - dare
DEBUG main pl.edu.agh.wp.orm.session.DefaultSessionFactory - Connected to database
DEBUG main pl.edu.agh.wp.orm.session.DefaultSessionFactory - Connected to database
DEBUG main pl.edu.agh.wp.orm.session.DefaultSessionFactory - Connected to database
DEBUG main pl.edu.agh.wp.orm.session.DefaultSessionFactory - Connected to database
DEBUG main pl.edu.agh.wp.orm.session.DefaultSessionFactory - Connected to database
ERROR main pl.edu.agh.wp.orm.criterion.CriteriaImpl - org.postgresql.util.PSQLException: The column name Name was not found in this ResultSet.
DEBUG main pl.edu.agh.wp.orm.session.DefaultSessionFactory - Connected to database
DEBUG main pl.edu.agh.wp.orm.session.DefaultSessionFactory - Connected to database
DEBUG main pl.edu.agh.wp.orm.session.DefaultSessionFactory - Connected to database
DEBUG main pl.edu.agh.wp.orm.session.DefaultSessionFactory - Connected to database
DEBUG main pl.edu.agh.wp.orm.session.DefaultSessionFactory - Connected to database
DEBUG main pl.edu.agh.wp.orm.session.DefaultSessionFactory - Connected to database
DEBUG main pl.edu.agh.wp.orm.session.DefaultSessionFactory - Connected to database
DEBUG main pl.edu.agh.wp.orm.session.DefaultSessionFactory - Connected to database
DEBUG main pl.edu.agh.wp.orm.session.DefaultSessionFactory - Connected to database
DEBUG main pl.edu.agh.wp.orm.session.DefaultSessionFactory - Connected to database
DEBUG main pl.edu.agh.wp.orm.session.DefaultSessionFactory - Connected to database
DEBUG main pl.edu.agh.wp.orm.session.DefaultSessionFactory - Connected to database
DEBUG main pl.edu.agh.wp.orm.session.DefaultSessionFactory - Connected to database
DEBUG main pl.edu.agh.wp.orm.session.DefaultSessionFactory - Connected to database
DEBUG main pl.edu.agh.wp.orm.session.DefaultSessionFactory - Connected to database
DEBUG main pl.edu.agh.wp.orm.session.DefaultSessionFactory - Connected to database
DEBUG main pl.edu.agh.wp.orm.session.DefaultSessionFactory - Connected to database
DEBUG main pl.edu.agh.wp.orm.session.DefaultSessionFactory - Connected to database
DEBUG main pl.edu.agh.wp.orm.session.DefaultSessionFactory - Connected to database
DEBUG main pl.edu.agh.wp.orm.session.DefaultSessionFactory - Connected to database
DEBUG main pl.edu.agh.wp.orm.session.DefaultSessionFactory - Connected to database
DEBUG main pl.edu.agh.wp.orm.session.DefaultSessionFactory - Connected to database
DEBUG main pl.edu.agh.wp.orm.session.DefaultSessionFactory - Connected to database
DEBUG main pl.edu.agh.wp.orm.session.DefaultSessionFactory - Connected to database
DEBUG main pl.edu.agh.wp.orm.session.DefaultSessionFactory - Connected to database
DEBUG main pl.edu.agh.wp.orm.session.DefaultSessionFactory - Connected to database
DEBUG main pl.edu.agh.wp.orm.session.DefaultSessionFactory - Connected to database
DEBUG main pl.edu.agh.wp.orm.session.DefaultSessionFactory - Connected to database
DEBUG main pl.edu.agh.wp.orm.session.DefaultSessionFactory - Connected to database
DEBUG main pl.edu.agh.wp.orm.session.DefaultSessionFactory - Connected to database
DEBUG main pl.edu.agh.wp.orm.session.DefaultSessionFactory - Connected to database
DEBUG main pl.edu.agh.wp.orm.session.DefaultSessionFactory - Connected to database
DEBUG main pl.edu.agh.wp.orm.session.DefaultSessionFactory - Connected to database
DEBUG main pl.edu.agh.wp.orm.session.DefaultSessionFactory - Connected to database
DEBUG main pl.edu.agh.wp.orm.session.DefaultSessionFactory - Connected to database
DEBUG main pl.edu.agh.wp.orm.session.DefaultSessionFactory - Connected to database
DEBUG main pl.edu.agh.wp.orm.session.DefaultSessionFactory - Connected to database
DEBUG main pl.edu.agh.wp.orm.session.DefaultSessionFactory - Connected to database
DEBUG main pl.edu.agh.wp.orm.session.DefaultSessionFactory - Connected to database
DEBUG main pl.edu.agh.wp.orm.session.DefaultSessionFactory - Connected to database
DEBUG main pl.edu.agh.wp.orm.session.DefaultSessionFactory - Connected to database
DEBUG main pl.edu.agh.wp.orm.session.DefaultSessionFactory - Connected to database
DEBUG main pl.edu.agh.wp.orm.session.DefaultSessionFactory - Connected to database
DEBUG main pl.edu.agh.wp.orm.session.DefaultSessionFactory - Connected to database
DEBUG main pl.edu.agh.wp.orm.session.DefaultSessionFactory - Connected to database
DEBUG main pl.edu.agh.wp.orm.session.DefaultSessionFactory - Connected to database
DEBUG main pl.edu.agh.wp.orm.session.DefaultSessionFactory - Connected to database
DEBUG main pl.edu.agh.wp.orm.session.DefaultSessionFactory - Connected to database
DEBUG main pl.edu.agh.wp.orm.session.DefaultSessionFactory - Connected to database
DEBUG main pl.edu.agh.wp.orm.session.DefaultSessionFactory - Connected to database
DEBUG main pl.edu.agh.wp.orm.session.DefaultSessionFactory - Connected to database
DEBUG main pl.edu.agh.wp.orm.session.DefaultSessionFactory - Connected to database
DEBUG main pl.edu.agh.wp.orm.session.DefaultSessionFactory - Connected to database
ERROR main pl.edu.agh.wp.orm.criterion.CriteriaImpl - org.postgresql.util.PSQLException: BŁĄD: błąd składni w lub blisko "AND"
  Pozycja: 59
DEBUG main pl.edu.agh.wp.orm.session.DefaultSessionFactory - Connected to database
DEBUG main pl.edu.agh.wp.orm.session.DefaultSessionFactory - Connected to database
ERROR main pl.edu.agh.wp.orm.criterion.CriteriaImpl - org.postgresql.util.PSQLException: BŁĄD: błąd składni w lub blisko "AND"
  Pozycja: 59
DEBUG main pl.edu.agh.wp.orm.session.DefaultSessionFactory - Connected to database
DEBUG main pl.edu.agh.wp.orm.session.DefaultSessionFactory - Connected to database
ERROR main pl.edu.agh.wp.orm.criterion.CriteriaImpl - org.postgresql.util.PSQLException: BŁĄD: błąd składni w lub blisko "AND"
  Pozycja: 59
DEBUG main pl.edu.agh.wp.orm.session.DefaultSessionFactory - Connected to database
DEBUG main pl.edu.agh.wp.orm.session.DefaultSessionFactory - Connected to database
ERROR main pl.edu.agh.wp.orm.criterion.CriteriaImpl - org.postgresql.util.PSQLException: BŁĄD: błąd składni w lub blisko "AND"
  Pozycja: 59
DEBUG main pl.edu.agh.wp.orm.session.DefaultSessionFactory - Connected to database
DEBUG main pl.edu.agh.wp.orm.session.DefaultSessionFactory - Connected to database
ERROR main pl.edu.agh.wp.orm.criterion.CriteriaImpl - org.postgresql.util.PSQLException: BŁĄD: błąd składni w lub blisko "AND"
  Pozycja: 59
DEBUG main pl.edu.agh.wp.orm.session.DefaultSessionFactory - Connected to database
DEBUG main pl.edu.agh.wp.orm.session.DefaultSessionFactory - Connected to database
ERROR main pl.edu.agh.wp.orm.criterion.CriteriaImpl - org.postgresql.util.PSQLException: BŁĄD: błąd składni w lub blisko "AND"
  Pozycja: 59
DEBUG main pl.edu.agh.wp.orm.session.DefaultSessionFactory - Connected to database
DEBUG main pl.edu.agh.wp.orm.session.DefaultSessionFactory - Connected to database
DEBUG main pl.edu.agh.wp.orm.session.DefaultSessionFactory - Connected to database
DEBUG main pl.edu.agh.wp.orm.session.DefaultSessionFactory - Connected to database
ERROR main pl.edu.agh.wp.orm.criterion.CriteriaImpl - org.postgresql.util.PSQLException: The column name FIRSTNAME was not found in this ResultSet.
DEBUG main pl.edu.agh.wp.orm.session.DefaultSessionFactory - Connected to database
DEBUG main pl.edu.agh.wp.orm.session.DefaultSessionFactory - Connected to database
ERROR main pl.edu.agh.wp.orm.criterion.CriteriaImpl - org.postgresql.util.PSQLException: The column name name was not found in this ResultSet.
DEBUG main pl.edu.agh.wp.orm.session.DefaultSessionFactory - Connected to database
DEBUG main pl.edu.agh.wp.orm.session.DefaultSessionFactory - Connected to database
ERROR main pl.edu.agh.wp.orm.criterion.CriteriaImpl - org.postgresql.util.PSQLException: The column name name was not found in this ResultSet.
DEBUG main pl.edu.agh.wp.orm.session.DefaultSessionFactory - Connected to database
DEBUG main pl.edu.agh.wp.orm.session.DefaultSessionFactory - Connected to database
DEBUG main pl.edu.agh.wp.orm.session.DefaultSessionFactory - Connected to database
DEBUG main pl.edu.agh.wp.orm.session.DefaultSessionFactory - Connected to database
DEBUG main pl.edu.agh.wp.orm.session.DefaultSessionFactory - Connected to database
DEBUG main pl.edu.agh.wp.orm.session.DefaultSessionFactory - Connected to database
DEBUG main pl.edu.agh.wp.orm.session.DefaultSessionFactory - Connected to database
DEBUG main pl.edu.agh.wp.orm.session.DefaultSessionFactory - Connected to database
DEBUG main pl.edu.agh.wp.orm.session.DefaultSessionFactory - Connected to database
DEBUG main pl.edu.agh.wp.orm.session.DefaultSessionFactory - Connected to database
DEBUG main pl.edu.agh.wp.orm.session.DefaultSessionFactory - Connected to database
DEBUG main pl.edu.agh.wp.orm.session.DefaultSessionFactory - Connected to database
DEBUG main pl.edu.agh.wp.orm.session.DefaultSessionFactory - Connected to database
DEBUG main pl.edu.agh.wp.orm.session.DefaultSessionFactory - Connected to database
DEBUG main pl.edu.agh.wp.orm.session.DefaultSessionFactory - Connected to database
DEBUG main pl.edu.agh.wp.orm.session.DefaultSessionFactory - Connected to database
DEBUG main pl.edu.agh.wp.orm.session.DefaultSessionFactory - Connected to database
DEBUG main pl.edu.agh.wp.orm.session.DefaultSessionFactory - Connected to database
DEBUG main pl.edu.agh.wp.orm.session.DefaultSessionFactory - Connected to database
DEBUG main pl.edu.agh.wp.orm.session.DefaultSessionFactory - Connected to database
DEBUG main pl.edu.agh.wp.orm.session.DefaultSessionFactory - Connected to database
DEBUG main pl.edu.agh.wp.orm.session.DefaultSessionFactory - Connected to database
DEBUG main pl.edu.agh.wp.orm.session.DefaultSessionFactory - Connected to database
DEBUG main pl.edu.agh.wp.orm.session.DefaultSessionFactory - Connected to database
DEBUG main pl.edu.agh.wp.orm.session.DefaultSessionFactory - Connected to database
DEBUG main pl.edu.agh.wp.orm.session.DefaultSessionFactory - Connected to database
DEBUG main pl.edu.agh.wp.orm.session.DefaultSessionFactory - Connected to database
DEBUG main pl.edu.agh.wp.orm.session.DefaultSessionFactory - Connected to database
DEBUG main pl.edu.agh.wp.orm.session.DefaultSessionFactory - Connected to database
DEBUG main pl.edu.agh.wp.orm.session.DefaultSessionFactory - Connected to database
DEBUG main pl.edu.agh.wp.orm.session.DefaultSessionFactory - Connected to database
DEBUG main pl.edu.agh.wp.orm.session.DefaultSessionFactory - Connected to database
DEBUG main pl.edu.agh.wp.orm.session.DefaultSessionFactory - Connected to database
DEBUG main pl.edu.agh.wp.orm.session.DefaultSessionFactory - Connected to database
DEBUG main pl.edu.agh.wp.orm.session.DefaultSessionFactory - Connected to database
DEBUG main pl.edu.agh.wp.orm.session.DefaultSessionFactory - Connected to database
DEBUG main pl.edu.agh.wp.orm.session.DefaultSessionFactory - Connected to database
DEBUG main pl.edu.agh.wp.orm.session.DefaultSessionFactory - Connected to database
DEBUG main pl.edu.agh.wp.orm.session.DefaultSessionFactory - Connected to database
DEBUG main pl.edu.agh.wp.orm.session.DefaultSessionFactory - Connected to database
DEBUG main pl.edu.agh.wp.orm.session.DefaultSessionFactory - Connected to database
DEBUG main pl.edu.agh.wp.orm.session.DefaultSessionFactory - Connected to database
DEBUG main pl.edu.agh.wp.orm.session.DefaultSessionFactory - Connected to database
DEBUG main pl.edu.agh.wp.orm.session.DefaultSessionFactory - Connected to database
DEBUG main pl.edu.agh.wp.orm.session.DefaultSessionFactory - Connected to database
DEBUG main pl.edu.agh.wp.orm.session.DefaultSessionFactory - Connected to database
DEBUG main pl.edu.agh.wp.orm.session.DefaultSessionFactory - Connected to database
DEBUG main pl.edu.agh.wp.orm.session.DefaultSessionFactory - Connected to database
DEBUG main pl.edu.agh.wp.orm.session.DefaultSessionFactory - Connected to database
DEBUG main pl.edu.agh.wp.orm.session.DefaultSessionFactory - Connected to database
DEBUG main pl.edu.agh.wp.orm.session.DefaultSessionFactory - Connected to database
DEBUG main pl.edu.agh.wp.orm.session.DefaultSessionFactory - Connected to database
DEBUG main pl.edu.agh.wp.orm.session.DefaultSessionFactory - Connected to database
DEBUG main pl.edu.agh.wp.orm.session.DefaultSessionFactory - Connected to database
DEBUG main pl.edu.agh.wp.orm.session.DefaultSessionFactory - Connected to database
DEBUG main pl.edu.agh.wp.orm.session.DefaultSessionFactory - Connected to database
DEBUG main pl.edu.agh.wp.orm.session.DefaultSessionFactory - Connected to database
DEBUG main pl.edu.agh.wp.orm.session.DefaultSessionFactory - Connected to database
DEBUG main pl.edu.agh.wp.orm.session.DefaultSessionFactory - Connected to database
DEBUG main pl.edu.agh.wp.orm.session.DefaultSessionFactory - Connected to database
DEBUG main pl.edu.agh.wp.orm.session.DefaultSessionFactory - Connected to database
DEBUG main pl.edu.agh.wp.orm.session.DefaultSessionFactory - Connected to database
DEBUG main pl.edu.agh.wp.orm.session.DefaultSessionFactory - Connected to database
DEBUG main pl.edu.agh.wp.orm.session.DefaultSessionFactory - Connected to database
DEBUG main pl.edu.agh.wp.orm.session.DefaultSessionFactory - Connected to database
DEBUG main pl.edu.agh.wp.orm.session.DefaultSessionFactory - Connected to database
DEBUG main pl.edu.agh.wp.orm.session.DefaultSessionFactory - Connected to database
DEBUG main pl.edu.agh.wp.orm.session.DefaultSessionFactory - Connected to database
DEBUG main pl.edu.agh.wp.orm.session.DefaultSessionFactory - Connected to database
DEBUG main pl.edu.agh.wp.orm.session.DefaultSessionFactory - Connected to database
DEBUG main pl.edu.agh.wp.orm.session.DefaultSessionFactory - Connected to database
DEBUG main pl.edu.agh.wp.orm.session.DefaultSessionFactory - Connected to database
DEBUG main pl.edu.agh.wp.orm.session.DefaultSessionFactory - Connected to database
DEBUG main pl.edu.agh.wp.orm.session.DefaultSessionFactory - Connected to database
DEBUG main pl.edu.agh.wp.orm.session.DefaultSessionFactory - Connected to database
DEBUG main pl.edu.agh.wp.orm.session.DefaultSessionFactory - Connected to database
DEBUG main pl.edu.agh.wp.orm.session.DefaultSessionFactory - Connected to database
DEBUG main pl.edu.agh.wp.orm.session.DefaultSessionFactory - Connected to database
DEBUG main pl.edu.agh.wp.orm.session.DefaultSessionFactory - Connected to database
DEBUG main pl.edu.agh.wp.orm.session.DefaultSessionFactory - Connected to database
DEBUG main pl.edu.agh.wp.orm.session.DefaultSessionFactory - Connected to database
DEBUG main pl.edu.agh.wp.orm.session.DefaultSessionFactory - Connected to database
DEBUG main pl.edu.agh.wp.orm.session.DefaultSessionFactory - Connected to database
DEBUG main pl.edu.agh.wp.orm.session.DefaultSessionFactory - Connected to database
DEBUG main pl.edu.agh.wp.orm.session.DefaultSessionFactory - Connected to database
DEBUG main pl.edu.agh.wp.orm.session.DefaultSessionFactory - Connected to database
DEBUG main pl.edu.agh.wp.orm.session.DefaultSessionFactory - Connected to database
DEBUG main pl.edu.agh.wp.orm.session.DefaultSessionFactory - Connected to database
DEBUG main pl.edu.agh.wp.orm.session.DefaultSessionFactory - Connected to database
DEBUG main pl.edu.agh.wp.orm.session.DefaultSessionFactory - Connected to database
DEBUG main pl.edu.agh.wp.orm.session.DefaultSessionFactory - Connected to database
DEBUG main pl.edu.agh.wp.orm.session.DefaultSessionFactory - Connected to database
DEBUG main pl.edu.agh.wp.orm.session.DefaultSessionFactory - Connected to database
DEBUG main pl.edu.agh.wp.orm.session.DefaultSessionFactory - Connected to database
DEBUG main pl.edu.agh.wp.orm.session.DefaultSessionFactory - Connected to database
DEBUG main pl.edu.agh.wp.orm.session.DefaultSessionFactory - Connected to database
DEBUG main pl.edu.agh.wp.orm.session.DefaultSessionFactory - Connected to database
DEBUG main pl.edu.agh.wp.orm.session.DefaultSessionFactory - Connected to database
DEBUG main pl.edu.agh.wp.orm.session.DefaultSessionFactory - Connected to database
DEBUG main pl.edu.agh.wp.orm.session.DefaultSessionFactory - Connected to database
DEBUG main pl.edu.agh.wp.orm.session.DefaultSessionFactory - Connected to database
DEBUG main pl.edu.agh.wp.orm.session.DefaultSessionFactory - Connected to database
DEBUG main pl.edu.agh.wp.orm.session.DefaultSessionFactory - Connected to database
DEBUG main pl.edu.agh.wp.orm.session.DefaultSessionFactory - Connected to database
DEBUG main pl.edu.agh.wp.orm.session.DefaultSessionFactory - Connected to database
DEBUG main pl.edu.agh.wp.orm.session.DefaultSessionFactory - Connected to database
DEBUG main pl.edu.agh.wp.orm.session.DefaultSessionFactory - Connected to database
DEBUG main pl.edu.agh.wp.orm.session.DefaultSessionFactory - Connected to database
DEBUG main pl.edu.agh.wp.orm.session.DefaultSessionFactory - Connected to database
DEBUG main pl.edu.agh.wp.orm.session.DefaultSessionFactory - Connected to database
DEBUG main pl.edu.agh.wp.orm.session.DefaultSessionFactory - Connected to database
DEBUG main pl.edu.agh.wp.orm.session.DefaultSessionFactory - Connected to database
DEBUG main pl.edu.agh.wp.orm.session.DefaultSessionFactory - Connected to database
DEBUG main pl.edu.agh.wp.orm.session.DefaultSessionFactory - Connected to database
DEBUG main pl.edu.agh.wp.orm.session.DefaultSessionFactory - Connected to database
DEBUG main pl.edu.agh.wp.orm.session.DefaultSessionFactory - Connected to database
DEBUG main pl.edu.agh.wp.orm.session.DefaultSessionFactory - Connected to database
DEBUG main pl.edu.agh.wp.orm.session.DefaultSessionFactory - Connected to database
DEBUG main pl.edu.agh.wp.orm.session.DefaultSessionFactory - Connected to database
DEBUG main pl.edu.agh.wp.orm.session.DefaultSessionFactory - Connected to database
DEBUG main pl.edu.agh.wp.orm.session.DefaultSessionFactory - Connected to database
DEBUG main pl.edu.agh.wp.orm.session.DefaultSessionFactory - Connected to database
DEBUG main pl.edu.agh.wp.orm.session.DefaultSessionFactory - Connected to database
DEBUG main pl.edu.agh.wp.orm.session.DefaultSessionFactory - Connected to database
DEBUG main pl.edu.agh.wp.orm.session.DefaultSessionFactory - Connected to database
DEBUG main pl.edu.agh.wp.orm.session.DefaultSessionFactory - Connected to database
DEBUG main pl.edu.agh.wp.orm.session.DefaultSessionFactory - Connected to database
DEBUG main pl.edu.agh.wp.orm.session.DefaultSessionFactory - Connected to database
DEBUG main pl.edu.agh.wp.orm.session.DefaultSessionFactory - Connected to database
DEBUG main pl.edu.agh.wp.orm.session.DefaultSessionFactory - Connected to database
DEBUG main pl.edu.agh.wp.orm.session.DefaultSessionFactory - Connected to database
DEBUG main pl.edu.agh.wp.orm.session.DefaultSessionFactory - Connected to database
DEBUG main pl.edu.agh.wp.orm.session.DefaultSessionFactory - Connected to database
DEBUG main pl.edu.agh.wp.orm.session.DefaultSessionFactory - Connected to database
DEBUG main pl.edu.agh.wp.orm.session.DefaultSessionFactory - Connected to database
DEBUG main pl.edu.agh.wp.orm.session.DefaultSessionFactory - Connected to database
DEBUG main pl.edu.agh.wp.orm.session.DefaultSessionFactory - Connected to database
DEBUG main pl.edu.agh.wp.orm.session.DefaultSessionFactory - Connected to database
DEBUG main pl.edu.agh.wp.orm.session.DefaultSessionFactory - Connected to database
DEBUG main pl.edu.agh.wp.orm.session.DefaultSessionFactory - Connected to database
DEBUG main pl.edu.agh.wp.orm.session.DefaultSessionFactory - Connected to database
DEBUG main pl.edu.agh.wp.orm.session.DefaultSessionFactory - Connected to database
DEBUG main pl.edu.agh.wp.orm.session.DefaultSessionFactory - Connected to database
DEBUG main pl.edu.agh.wp.orm.session.DefaultSessionFactory - Connected to database
DEBUG main pl.edu.agh.wp.orm.session.DefaultSessionFactory - Connected to database
DEBUG main pl.edu.agh.wp.orm.session.DefaultSessionFactory - Connected to database
DEBUG main pl.edu.agh.wp.orm.session.DefaultSessionFactory - Connected to database
DEBUG main pl.edu.agh.wp.orm.session.DefaultSessionFactory - Connected to database
DEBUG main pl.edu.agh.wp.orm.session.DefaultSessionFactory - Connected to database
DEBUG main pl.edu.agh.wp.orm.session.DefaultSessionFactory - Connected to database
DEBUG main pl.edu.agh.wp.orm.session.DefaultSessionFactory - Connected to database
DEBUG main pl.edu.agh.wp.orm.session.DefaultSessionFactory - Connected to database
DEBUG main pl.edu.agh.wp.orm.session.DefaultSessionFactory - Connected to database
DEBUG main pl.edu.agh.wp.orm.session.DefaultSessionFactory - Connected to database
DEBUG main pl.edu.agh.wp.orm.session.DefaultSessionFactory - Connected to database
DEBUG main pl.edu.agh.wp.orm.session.DefaultSessionFactory - Connected to database
DEBUG main pl.edu.agh.wp.orm.session.DefaultSessionFactory - Connected to database
DEBUG main pl.edu.agh.wp.orm.session.DefaultSessionFactory - Connected to database
DEBUG main pl.edu.agh.wp.orm.session.DefaultSessionFactory - Connected to database
DEBUG main pl.edu.agh.wp.orm.session.DefaultSessionFactory - Connected to database
DEBUG main pl.edu.agh.wp.orm.session.DefaultSessionFactory - Connected to database
DEBUG main pl.edu.agh.wp.orm.session.DefaultSessionFactory - Connected to database
DEBUG main pl.edu.agh.wp.orm.session.DefaultSessionFactory - Connected to database
DEBUG main pl.edu.agh.wp.orm.session.DefaultSessionFactory - Connected to database
DEBUG main pl.edu.agh.wp.orm.session.DefaultSessionFactory - Connected to database
DEBUG main pl.edu.agh.wp.orm.session.DefaultSessionFactory - Connected to database
DEBUG main pl.edu.agh.wp.orm.session.DefaultSessionFactory - Connected to database
DEBUG main pl.edu.agh.wp.orm.session.DefaultSessionFactory - Connected to database
DEBUG main pl.edu.agh.wp.orm.session.DefaultSessionFactory - Connected to database
DEBUG main pl.edu.agh.wp.orm.session.DefaultSessionFactory - Connected to database
DEBUG main pl.edu.agh.wp.orm.session.DefaultSessionFactory - Connected to database
DEBUG main pl.edu.agh.wp.orm.session.DefaultSessionFactory - Connected to database
DEBUG main pl.edu.agh.wp.orm.session.DefaultSessionFactory - Connected to database
DEBUG main pl.edu.agh.wp.orm.session.DefaultSessionFactory - Connected to database
DEBUG main pl.edu.agh.wp.orm.session.DefaultSessionFactory - Connected to database
DEBUG main pl.edu.agh.wp.orm.session.DefaultSessionFactory - Connected to database
DEBUG main pl.edu.agh.wp.orm.session.DefaultSessionFactory - Connected to database
DEBUG main pl.edu.agh.wp.orm.session.DefaultSessionFactory - Connected to database
DEBUG main pl.edu.agh.wp.orm.session.DefaultSessionFactory - Connected to database
DEBUG main pl.edu.agh.wp.orm.session.DefaultSessionFactory - Connected to database
DEBUG main pl.edu.agh.wp.orm.session.DefaultSessionFactory - Connected to database
